
Victor Peraza.  Lab 4.

Cylinder 1
The radius is:        4.000
The height is:        3.000
The top area is:     50.265
The volume is:      150.796


Cylinder 2
The radius is:        7.000
The height is:       14.500
The top area is:    153.938
The volume is:     2232.102


Cylinder 3
The radius is:       30.000
The height is:        2.000
The top area is:   2827.433
The volume is:     5654.867


Cylinder 4
The radius is:       30.000
The height is:       10.000
The top area is:   2827.433
The volume is:    28274.334

